0 info it worked if it ends with ok
1 verbose cli [ 'C:\\Program Files\\nodejs\\\\node.exe',
1 verbose cli   'C:\\Program Files\\nodejs\\node_modules\\npm\\bin\\npm-cli.js',
1 verbose cli   'publish' ]
2 info using npm@1.4.28
3 info using node@v0.10.32
4 verbose node symlink C:\Program Files\nodejs\\node.exe
5 verbose publish [ '.' ]
6 verbose cache add [ '.', null ]
7 verbose cache add name=undefined spec="." args=[".",null]
8 verbose parsed url { protocol: null,
8 verbose parsed url   slashes: null,
8 verbose parsed url   auth: null,
8 verbose parsed url   host: null,
8 verbose parsed url   port: null,
8 verbose parsed url   hostname: null,
8 verbose parsed url   hash: null,
8 verbose parsed url   search: null,
8 verbose parsed url   query: null,
8 verbose parsed url   pathname: '.',
8 verbose parsed url   path: '.',
8 verbose parsed url   href: '.' }
9 silly lockFile 3a52ce78- .
10 verbose lock . C:\Users\kevintian\AppData\Roaming\npm-cache\3a52ce78-.lock
11 verbose tar pack [ 'C:\\Users\\kevintian\\AppData\\Roaming\\npm-cache\\mo-configure\\0.0.4\\package.tgz',
11 verbose tar pack   '.' ]
12 verbose tarball C:\Users\kevintian\AppData\Roaming\npm-cache\mo-configure\0.0.4\package.tgz
13 verbose folder .
14 info prepublish mo-configure@0.0.4
15 silly lockFile 1f1177db-tar tar://.
16 verbose lock tar://. C:\Users\kevintian\AppData\Roaming\npm-cache\1f1177db-tar.lock
17 silly lockFile 6e96d884-e-mo-configure-0-0-4-package-tgz tar://C:\Users\kevintian\AppData\Roaming\npm-cache\mo-configure\0.0.4\package.tgz
18 verbose lock tar://C:\Users\kevintian\AppData\Roaming\npm-cache\mo-configure\0.0.4\package.tgz C:\Users\kevintian\AppData\Roaming\npm-cache\6e96d884-e-mo-configure-0-0-4-package-tgz.lock
19 silly lockFile 1f1177db-tar tar://.
20 silly lockFile 1f1177db-tar tar://.
21 silly lockFile 6e96d884-e-mo-configure-0-0-4-package-tgz tar://C:\Users\kevintian\AppData\Roaming\npm-cache\mo-configure\0.0.4\package.tgz
22 silly lockFile 6e96d884-e-mo-configure-0-0-4-package-tgz tar://C:\Users\kevintian\AppData\Roaming\npm-cache\mo-configure\0.0.4\package.tgz
23 silly lockFile 7807cdf3-cache-mo-configure-0-0-4-package C:\Users\kevintian\AppData\Roaming\npm-cache\mo-configure\0.0.4\package
24 verbose lock C:\Users\kevintian\AppData\Roaming\npm-cache\mo-configure\0.0.4\package C:\Users\kevintian\AppData\Roaming\npm-cache\7807cdf3-cache-mo-configure-0-0-4-package.lock
25 silly lockFile 7807cdf3-cache-mo-configure-0-0-4-package C:\Users\kevintian\AppData\Roaming\npm-cache\mo-configure\0.0.4\package
26 silly lockFile 7807cdf3-cache-mo-configure-0-0-4-package C:\Users\kevintian\AppData\Roaming\npm-cache\mo-configure\0.0.4\package
27 silly lockFile 3a52ce78- .
28 silly lockFile 3a52ce78- .
29 silly publish { main: 'configure.js',
29 silly publish   name: 'mo-configure',
29 silly publish   version: '0.0.4',
29 silly publish   description: 'Motadou Util Tools For NodeJS (Parse Configure File)',
29 silly publish   homepage: 'http://www.cnblogs.com/motadou',
29 silly publish   author:
29 silly publish    { name: 'motadou',
29 silly publish      email: 'motadou@126.com',
29 silly publish      url: 'http://www.cnblogs.com/motadou' },
29 silly publish   keywords: [ 'configure', 'json' ],
29 silly publish   readme: 'ERROR: No README data found!',
29 silly publish   _id: 'mo-configure@0.0.4',
29 silly publish   scripts: {},
29 silly publish   _shasum: '65547f585b456275661ac496b56df9224dfb6e51',
29 silly publish   _from: '.' }
30 error need auth auth and email required for publishing
30 error need auth You need to authorize this machine using `npm adduser`
31 error System Windows_NT 6.1.7601
32 error command "C:\\Program Files\\nodejs\\\\node.exe" "C:\\Program Files\\nodejs\\node_modules\\npm\\bin\\npm-cli.js" "publish"
33 error cwd D:\node\mo-configure
34 error node -v v0.10.32
35 error npm -v 1.4.28
36 error code ENEEDAUTH
37 verbose exit [ 1, true ]
